<?xml version="1.0" encoding="UTF-8"?>
<!-- Generated by org.testng.reporters.JUnitReportReporter -->
<testsuite hostname="USHYDBABPAND6" failures="0" tests="2" name="com.qa.TestCase.CustomerHelpPageTest" time="0.000" errors="0" timestamp="15 Dec 2019 15:50:53 GMT" skipped="2">
  <testcase classname="com.qa.TestCase.CustomerHelpPageTest" name="ConsumerLogoTest" time="0.000">
    <skipped/>
  </testcase> <!-- ConsumerLogoTest -->
  <testcase classname="com.qa.TestCase.CustomerHelpPageTest" name="AmazonLogout" time="0.000">
    <skipped/>
  </testcase> <!-- AmazonLogout -->
</testsuite> <!-- com.qa.TestCase.CustomerHelpPageTest -->
