<?xml version="1.0" encoding="UTF-8"?>
<!-- Generated by org.testng.reporters.JUnitReportReporter -->
<testsuite hostname="USHYDBABPAND6" failures="0" tests="2" name="com.qa.TestCase.DashBoardPageTest" time="0.000" errors="0" timestamp="15 Dec 2019 14:32:17 GMT" skipped="2">
  <testcase classname="com.qa.TestCase.DashBoardPageTest" name="AmazonSearchPage" time="0.000">
    <skipped/>
  </testcase> <!-- AmazonSearchPage -->
  <testcase classname="com.qa.TestCase.DashBoardPageTest" name="ClickonContactPage" time="0.000">
    <skipped/>
  </testcase> <!-- ClickonContactPage -->
</testsuite> <!-- com.qa.TestCase.DashBoardPageTest -->
